05-Aug-2020 09:00:54.348 INFO [main] org.apache.catalina.startup.Catalina.load Server initialization in [1,186] milliseconds
05-Aug-2020 09:05:17.182 INFO [main] org.apache.catalina.startup.Catalina.start Server startup in [262,828] milliseconds
05-Aug-2020 09:13:38.862 INFO [main] org.apache.catalina.startup.Catalina.load Server initialization in [1,041] milliseconds
05-Aug-2020 09:15:56.283 INFO [main] org.apache.catalina.startup.Catalina.start Server startup in [137,412] milliseconds
05-Aug-2020 10:12:45.479 SEVERE [main] org.apache.catalina.util.LifecycleBase.handleSubClassException Failed to initialize component [Connector[HTTP/1.1-8080]]
 org.apache.catalina.LifecycleException: Protocol handler initialization failed
	at org.apache.catalina.connector.Connector.initInternal(Connector.java:983)
	at org.apache.catalina.util.LifecycleBase.init(LifecycleBase.java:136)
	at org.apache.catalina.core.StandardService.initInternal(StandardService.java:535)
	at org.apache.catalina.util.LifecycleBase.init(LifecycleBase.java:136)
	at org.apache.catalina.core.StandardServer.initInternal(StandardServer.java:1055)
	at org.apache.catalina.util.LifecycleBase.init(LifecycleBase.java:136)
	at org.apache.catalina.startup.Catalina.load(Catalina.java:585)
	at org.apache.catalina.startup.Catalina.load(Catalina.java:608)
	at sun.reflect.NativeMethodAccessorImpl.invoke0(Native Method)
	at sun.reflect.NativeMethodAccessorImpl.invoke(NativeMethodAccessorImpl.java:62)
	at sun.reflect.DelegatingMethodAccessorImpl.invoke(DelegatingMethodAccessorImpl.java:43)
	at java.lang.reflect.Method.invoke(Method.java:498)
	at org.apache.catalina.startup.Bootstrap.load(Bootstrap.java:306)
	at org.apache.catalina.startup.Bootstrap.main(Bootstrap.java:491)
Caused by: java.net.BindException: Address already in use: bind
	at sun.nio.ch.Net.bind0(Native Method)
	at sun.nio.ch.Net.bind(Net.java:444)
	at sun.nio.ch.Net.bind(Net.java:436)
	at sun.nio.ch.ServerSocketChannelImpl.bind(ServerSocketChannelImpl.java:225)
	at sun.nio.ch.ServerSocketAdaptor.bind(ServerSocketAdaptor.java:74)
	at org.apache.tomcat.util.net.NioEndpoint.initServerSocket(NioEndpoint.java:236)
	at org.apache.tomcat.util.net.NioEndpoint.bind(NioEndpoint.java:210)
	at org.apache.tomcat.util.net.AbstractEndpoint.bindWithCleanup(AbstractEndpoint.java:1103)
	at org.apache.tomcat.util.net.AbstractEndpoint.init(AbstractEndpoint.java:1116)
	at org.apache.coyote.AbstractProtocol.init(AbstractProtocol.java:557)
	at org.apache.coyote.http11.AbstractHttp11Protocol.init(AbstractHttp11Protocol.java:74)
	at org.apache.catalina.connector.Connector.initInternal(Connector.java:980)
	... 13 more

05-Aug-2020 10:12:45.485 INFO [main] org.apache.catalina.startup.Catalina.load Server initialization in [735] milliseconds
05-Aug-2020 10:15:15.244 INFO [main] org.apache.catalina.startup.Catalina.start Server startup in [149,758] milliseconds
05-Aug-2020 10:15:15.248 SEVERE [main] org.apache.catalina.core.StandardServer.await Failed to create server shutdown socket on address [localhost] and port [8005] (base port [8005] and offset [0])
 java.net.BindException: Address already in use: JVM_Bind
	at java.net.TwoStacksPlainSocketImpl.socketBind(Native Method)
	at java.net.TwoStacksPlainSocketImpl.socketBind(TwoStacksPlainSocketImpl.java:133)
	at java.net.AbstractPlainSocketImpl.bind(AbstractPlainSocketImpl.java:513)
	at java.net.TwoStacksPlainSocketImpl.bind(TwoStacksPlainSocketImpl.java:106)
	at java.net.PlainSocketImpl.bind(PlainSocketImpl.java:180)
	at java.net.ServerSocket.bind(ServerSocket.java:375)
	at java.net.ServerSocket.<init>(ServerSocket.java:237)
	at org.apache.catalina.core.StandardServer.await(StandardServer.java:582)
	at org.apache.catalina.startup.Catalina.await(Catalina.java:722)
	at org.apache.catalina.startup.Catalina.start(Catalina.java:668)
	at sun.reflect.NativeMethodAccessorImpl.invoke0(Native Method)
	at sun.reflect.NativeMethodAccessorImpl.invoke(NativeMethodAccessorImpl.java:62)
	at sun.reflect.DelegatingMethodAccessorImpl.invoke(DelegatingMethodAccessorImpl.java:43)
	at java.lang.reflect.Method.invoke(Method.java:498)
	at org.apache.catalina.startup.Bootstrap.start(Bootstrap.java:350)
	at org.apache.catalina.startup.Bootstrap.main(Bootstrap.java:492)

05-Aug-2020 10:15:59.817 INFO [main] org.apache.catalina.startup.Catalina.load Server initialization in [932] milliseconds
05-Aug-2020 10:18:08.701 INFO [main] org.apache.catalina.startup.Catalina.start Server startup in [128,876] milliseconds
05-Aug-2020 11:00:53.942 INFO [main] org.apache.catalina.startup.Catalina.load Server initialization in [1,285] milliseconds
05-Aug-2020 11:05:04.576 INFO [main] org.apache.catalina.startup.Catalina.start Server startup in [250,629] milliseconds
